<?xml version="1.0" encoding="UTF-8"?>
<!-- Generated by org.testng.reporters.JUnitXMLReporter -->
<testsuite hostname="Lenovo" ignored="0" name="Default test" tests="4" failures="0" timestamp="24 Jul 2021 14:22:49 GMT" time="0.25" errors="0">
  <testcase name="classafter" time="0.031" classname="org.testng.PrabhuTestNg"/>
  <testcase name="classbefore" time="0.0" classname="org.testng.PrabhuTestNg"/>
  <testcase name="methodafter" time="0.0" classname="org.testng.PrabhuTestNg"/>
  <testcase name="methodbefore" time="0.0" classname="org.testng.PrabhuTestNg"/>
</testsuite> <!-- Default test -->
