<?xml version="1.0" encoding="UTF-8"?>
<!-- Generated by org.testng.reporters.JUnitXMLReporter -->
<testsuite hostname="Lenovo" ignored="0" name="Test" tests="2" failures="1" timestamp="24 Jul 2021 14:29:58 GMT" time="42.386" errors="0">
  <testcase name="tc0" time="11.622" classname="org.testng.AmazonProducts"/>
  <testcase name="tc1" time="1.568" classname="org.testng.AmazonProducts">
    <failure type="java.lang.ClassCastException" message="org.openqa.selenium.remote.RemoteWebElement cannot be cast to java.lang.Comparable">
      <![CDATA[java.lang.ClassCastException: org.openqa.selenium.remote.RemoteWebElement cannot be cast to java.lang.Comparable
at java.util.TreeMap.compare(Unknown Source)
at java.util.TreeMap.put(Unknown Source)
at java.util.TreeSet.add(Unknown Source)
at java.util.AbstractCollection.addAll(Unknown Source)
at java.util.TreeSet.addAll(Unknown Source)
... Removed 26 stack frames]]>
    </failure>
  </testcase> <!-- tc1 -->
</testsuite> <!-- Test -->
