<?xml version="1.0" encoding="UTF-8"?>
<testng-results skipped="0" failed="1" ignored="0" total="2" passed="1">
  <reporter-output>
  </reporter-output>
  <suite name="Suite" duration-ms="42386" started-at="2021-07-24T14:29:15Z" finished-at="2021-07-24T14:29:58Z">
    <groups>
    </groups>
    <test name="Test" duration-ms="42386" started-at="2021-07-24T14:29:15Z" finished-at="2021-07-24T14:29:58Z">
      <class name="org.testng.AmazonProducts">
        <test-method status="PASS" signature="beforeClass()[pri:0, instance:org.testng.AmazonProducts@91161c7]" name="beforeClass" is-config="true" duration-ms="23466" started-at="2021-07-24T14:29:15Z" finished-at="2021-07-24T14:29:39Z">
          <reporter-output>
          </reporter-output>
        </test-method> <!-- beforeClass -->
        <test-method status="PASS" signature="tc0(java.lang.String)[pri:0, instance:org.testng.AmazonProducts@91161c7]" name="tc0" duration-ms="11622" started-at="2021-07-24T14:29:40Z" finished-at="2021-07-24T14:29:52Z">
          <params>
            <param index="0">
              <value>
                <![CDATA[iphone]]>
              </value>
            </param>
          </params>
          <reporter-output>
          </reporter-output>
        </test-method> <!-- tc0 -->
        <test-method status="FAIL" signature="tc1()[pri:0, instance:org.testng.AmazonProducts@91161c7]" name="tc1" duration-ms="1568" started-at="2021-07-24T14:29:52Z" finished-at="2021-07-24T14:29:53Z">
          <exception class="java.lang.ClassCastException">
            <message>
              <![CDATA[org.openqa.selenium.remote.RemoteWebElement cannot be cast to java.lang.Comparable]]>
            </message>
            <full-stacktrace>
              <![CDATA[java.lang.ClassCastException: org.openqa.selenium.remote.RemoteWebElement cannot be cast to java.lang.Comparable
at java.util.TreeMap.compare(Unknown Source)
at java.util.TreeMap.put(Unknown Source)
at java.util.TreeSet.add(Unknown Source)
at java.util.AbstractCollection.addAll(Unknown Source)
at java.util.TreeSet.addAll(Unknown Source)
at org.testng.AmazonProducts.tc1(AmazonProducts.java:49)
at sun.reflect.NativeMethodAccessorImpl.invoke0(Native Method)
at sun.reflect.NativeMethodAccessorImpl.invoke(Unknown Source)
at sun.reflect.DelegatingMethodAccessorImpl.invoke(Unknown Source)
at java.lang.reflect.Method.invoke(Unknown Source)
at org.testng.internal.MethodInvocationHelper.invokeMethod(MethodInvocationHelper.java:124)
at org.testng.internal.Invoker.invokeMethod(Invoker.java:583)
at org.testng.internal.Invoker.invokeTestMethod(Invoker.java:719)
at org.testng.internal.Invoker.invokeTestMethods(Invoker.java:989)
at org.testng.internal.TestMethodWorker.invokeTestMethods(TestMethodWorker.java:125)
at org.testng.internal.TestMethodWorker.run(TestMethodWorker.java:109)
at org.testng.TestRunner.privateRun(TestRunner.java:648)
at org.testng.TestRunner.run(TestRunner.java:505)
at org.testng.SuiteRunner.runTest(SuiteRunner.java:455)
at org.testng.SuiteRunner.runSequentially(SuiteRunner.java:450)
at org.testng.SuiteRunner.privateRun(SuiteRunner.java:415)
at org.testng.SuiteRunner.run(SuiteRunner.java:364)
at org.testng.SuiteRunnerWorker.runSuite(SuiteRunnerWorker.java:52)
at org.testng.SuiteRunnerWorker.run(SuiteRunnerWorker.java:84)
at org.testng.TestNG.runSuitesSequentially(TestNG.java:1208)
at org.testng.TestNG.runSuitesLocally(TestNG.java:1137)
at org.testng.TestNG.runSuites(TestNG.java:1049)
at org.testng.TestNG.run(TestNG.java:1017)
at org.testng.remote.AbstractRemoteTestNG.run(AbstractRemoteTestNG.java:114)
at org.testng.remote.RemoteTestNG.initAndRun(RemoteTestNG.java:251)
at org.testng.remote.RemoteTestNG.main(RemoteTestNG.java:77)
]]>
            </full-stacktrace>
          </exception> <!-- java.lang.ClassCastException -->
          <reporter-output>
          </reporter-output>
        </test-method> <!-- tc1 -->
        <test-method status="PASS" signature="afterClass()[pri:0, instance:org.testng.AmazonProducts@91161c7]" name="afterClass" is-config="true" duration-ms="4107" started-at="2021-07-24T14:29:53Z" finished-at="2021-07-24T14:29:58Z">
          <reporter-output>
          </reporter-output>
        </test-method> <!-- afterClass -->
      </class> <!-- org.testng.AmazonProducts -->
    </test> <!-- Test -->
  </suite> <!-- Suite -->
</testng-results>
